2025-06-22 23:52:55,672 - __main__ - INFO - ØªÙ… ØªÙ‡ÙŠØ¦Ø© 6 Ù…Ø¶Ø®Ø© Ø¨Ù†Ø¬Ø§Ø­
2025-06-22 23:52:55,676 - __main__ - ERROR - Ø®Ø·Ø£ ÙÙŠ Ø§Ù„Ù…Ø±Ø§Ù‚Ø¨Ø© Ø§Ù„Ø®Ù„ÙÙŠØ©: Server.emit() got an unexpected keyword argument 'broadcast'
2025-06-22 23:52:55,676 - __main__ - INFO - ØªÙ… Ø¨Ø¯Ø¡ Ø§Ù„Ù…Ø±Ø§Ù‚Ø¨Ø© Ø§Ù„Ø®Ù„ÙÙŠØ© Ù„Ù„Ù†Ø¸Ø§Ù…
2025-06-22 23:52:55,676 - __main__ - INFO - ØªÙ… ØªÙ‡ÙŠØ¦Ø© Ù†Ø¸Ø§Ù… Ù…Ø±Ø§Ù‚Ø¨Ø© Ù…Ø¶Ø®Ø§Øª Ø§Ù„Ù†ÙØ· Ø¨Ù†Ø¬Ø§Ø­
2025-06-22 23:52:55,676 - __main__ - INFO - Ø¨Ø¯Ø¡ ØªØ´ØºÙŠÙ„ Ù†Ø¸Ø§Ù… Ù…Ø±Ø§Ù‚Ø¨Ø© Ù…Ø¶Ø®Ø§Øª Ø§Ù„Ù†ÙØ· Ø¹Ù„Ù‰ 0.0.0.0:5000
2025-06-22 23:55:41,403 - __main__ - INFO - ØªÙ… ØªÙ‡ÙŠØ¦Ø© 6 Ù…Ø¶Ø®Ø© Ø¨Ù†Ø¬Ø§Ø­
2025-06-22 23:55:41,407 - __main__ - ERROR - Ø®Ø·Ø£ ÙÙŠ Ø§Ù„Ù…Ø±Ø§Ù‚Ø¨Ø© Ø§Ù„Ø®Ù„ÙÙŠØ©: Server.emit() got an unexpected keyword argument 'broadcast'
2025-06-22 23:55:41,407 - __main__ - INFO - ØªÙ… Ø¨Ø¯Ø¡ Ø§Ù„Ù…Ø±Ø§Ù‚Ø¨Ø© Ø§Ù„Ø®Ù„ÙÙŠØ© Ù„Ù„Ù†Ø¸Ø§Ù…
2025-06-22 23:55:41,407 - __main__ - INFO - ØªÙ… ØªÙ‡ÙŠØ¦Ø© Ù†Ø¸Ø§Ù… Ù…Ø±Ø§Ù‚Ø¨Ø© Ù…Ø¶Ø®Ø§Øª Ø§Ù„Ù†ÙØ· Ø¨Ù†Ø¬Ø§Ø­
2025-06-22 23:55:41,407 - __main__ - INFO - Ø¨Ø¯Ø¡ ØªØ´ØºÙŠÙ„ Ù†Ø¸Ø§Ù… Ù…Ø±Ø§Ù‚Ø¨Ø© Ù…Ø¶Ø®Ø§Øª Ø§Ù„Ù†ÙØ· Ø¹Ù„Ù‰ 0.0.0.0:5000
2025-06-22 23:55:41,412 - werkzeug - INFO - [31m[1mWARNING: This is a development server. Do not use it in a production deployment. Use a production WSGI server instead.[0m
 * Running on all addresses (0.0.0.0)
 * Running on http://127.0.0.1:5000
 * Running on http://169.254.0.21:5000
2025-06-22 23:55:41,412 - werkzeug - INFO - [33mPress CTRL+C to quit[0m
2025-06-22 23:55:51,407 - __main__ - ERROR - Ø®Ø·Ø£ ÙÙŠ Ø§Ù„Ù…Ø±Ø§Ù‚Ø¨Ø© Ø§Ù„Ø®Ù„ÙÙŠØ©: Server.emit() got an unexpected keyword argument 'broadcast'
2025-06-22 23:56:01,408 - __main__ - ERROR - Ø®Ø·Ø£ ÙÙŠ Ø§Ù„Ù…Ø±Ø§Ù‚Ø¨Ø© Ø§Ù„Ø®Ù„ÙÙŠØ©: Server.emit() got an unexpected keyword argument 'broadcast'
2025-06-22 23:56:11,408 - __main__ - ERROR - Ø®Ø·Ø£ ÙÙŠ Ø§Ù„Ù…Ø±Ø§Ù‚Ø¨Ø© Ø§Ù„Ø®Ù„ÙÙŠØ©: Server.emit() got an unexpected keyword argument 'broadcast'
2025-06-22 23:56:16,354 - werkzeug - INFO - 127.0.0.1 - - [22/Jun/2025 23:56:16] "GET / HTTP/1.1" 200 -
2025-06-22 23:56:16,377 - werkzeug - INFO - 127.0.0.1 - - [22/Jun/2025 23:56:16] "GET /static/styles.css HTTP/1.1" 200 -
2025-06-22 23:56:16,382 - werkzeug - INFO - 127.0.0.1 - - [22/Jun/2025 23:56:16] "GET /static/script.js HTTP/1.1" 200 -
2025-06-22 23:56:16,466 - __main__ - INFO - Ù…Ø³ØªØ®Ø¯Ù… Ø¬Ø¯ÙŠØ¯ Ù…ØªØµÙ„: 1WRV_wkt6YGuC7cIAAAB
2025-06-22 23:56:16,471 - werkzeug - INFO - 127.0.0.1 - - [22/Jun/2025 23:56:16] "[33mGET /static/favicon.ico HTTP/1.1[0m" 404 -
2025-06-22 23:56:21,409 - __main__ - ERROR - Ø®Ø·Ø£ ÙÙŠ Ø§Ù„Ù…Ø±Ø§Ù‚Ø¨Ø© Ø§Ù„Ø®Ù„ÙÙŠØ©: Server.emit() got an unexpected keyword argument 'broadcast'
2025-06-22 23:56:31,409 - __main__ - ERROR - Ø®Ø·Ø£ ÙÙŠ Ø§Ù„Ù…Ø±Ø§Ù‚Ø¨Ø© Ø§Ù„Ø®Ù„ÙÙŠØ©: Server.emit() got an unexpected keyword argument 'broadcast'
2025-06-22 23:56:41,410 - __main__ - ERROR - Ø®Ø·Ø£ ÙÙŠ Ø§Ù„Ù…Ø±Ø§Ù‚Ø¨Ø© Ø§Ù„Ø®Ù„ÙÙŠØ©: Server.emit() got an unexpected keyword argument 'broadcast'
2025-06-22 23:56:46,199 - __main__ - ERROR - Ø®Ø·Ø£ ÙÙŠ Ù…Ø¹Ø§Ù„Ø¬ ØªØ³Ø¬ÙŠÙ„ Ø§Ù„Ø¯Ø®ÙˆÙ„: Server.emit() got an unexpected keyword argument 'broadcast'
2025-06-22 23:56:51,410 - __main__ - ERROR - Ø®Ø·Ø£ ÙÙŠ Ø§Ù„Ù…Ø±Ø§Ù‚Ø¨Ø© Ø§Ù„Ø®Ù„ÙÙŠØ©: Server.emit() got an unexpected keyword argument 'broadcast'
2025-06-22 23:57:01,411 - __main__ - ERROR - Ø®Ø·Ø£ ÙÙŠ Ø§Ù„Ù…Ø±Ø§Ù‚Ø¨Ø© Ø§Ù„Ø®Ù„ÙÙŠØ©: Server.emit() got an unexpected keyword argument 'broadcast'
2025-06-22 23:57:11,411 - __main__ - ERROR - Ø®Ø·Ø£ ÙÙŠ Ø§Ù„Ù…Ø±Ø§Ù‚Ø¨Ø© Ø§Ù„Ø®Ù„ÙÙŠØ©: Server.emit() got an unexpected keyword argument 'broadcast'
2025-06-22 23:57:21,412 - __main__ - ERROR - Ø®Ø·Ø£ ÙÙŠ Ø§Ù„Ù…Ø±Ø§Ù‚Ø¨Ø© Ø§Ù„Ø®Ù„ÙÙŠØ©: Server.emit() got an unexpected keyword argument 'broadcast'
2025-06-22 23:57:31,412 - __main__ - ERROR - Ø®Ø·Ø£ ÙÙŠ Ø§Ù„Ù…Ø±Ø§Ù‚Ø¨Ø© Ø§Ù„Ø®Ù„ÙÙŠØ©: Server.emit() got an unexpected keyword argument 'broadcast'
2025-06-22 23:57:41,413 - __main__ - ERROR - Ø®Ø·Ø£ ÙÙŠ Ø§Ù„Ù…Ø±Ø§Ù‚Ø¨Ø© Ø§Ù„Ø®Ù„ÙÙŠØ©: Server.emit() got an unexpected keyword argument 'broadcast'
2025-06-22 23:57:51,413 - __main__ - ERROR - Ø®Ø·Ø£ ÙÙŠ Ø§Ù„Ù…Ø±Ø§Ù‚Ø¨Ø© Ø§Ù„Ø®Ù„ÙÙŠØ©: Server.emit() got an unexpected keyword argument 'broadcast'
2025-06-22 23:58:01,414 - __main__ - ERROR - Ø®Ø·Ø£ ÙÙŠ Ø§Ù„Ù…Ø±Ø§Ù‚Ø¨Ø© Ø§Ù„Ø®Ù„ÙÙŠØ©: Server.emit() got an unexpected keyword argument 'broadcast'
2025-06-22 23:58:11,415 - __main__ - ERROR - Ø®Ø·Ø£ ÙÙŠ Ø§Ù„Ù…Ø±Ø§Ù‚Ø¨Ø© Ø§Ù„Ø®Ù„ÙÙŠØ©: Server.emit() got an unexpected keyword argument 'broadcast'
2025-06-22 23:58:21,415 - __main__ - ERROR - Ø®Ø·Ø£ ÙÙŠ Ø§Ù„Ù…Ø±Ø§Ù‚Ø¨Ø© Ø§Ù„Ø®Ù„ÙÙŠØ©: Server.emit() got an unexpected keyword argument 'broadcast'
2025-06-22 23:58:31,415 - __main__ - ERROR - Ø®Ø·Ø£ ÙÙŠ Ø§Ù„Ù…Ø±Ø§Ù‚Ø¨Ø© Ø§Ù„Ø®Ù„ÙÙŠØ©: Server.emit() got an unexpected keyword argument 'broadcast'
2025-06-22 23:58:41,416 - __main__ - ERROR - Ø®Ø·Ø£ ÙÙŠ Ø§Ù„Ù…Ø±Ø§Ù‚Ø¨Ø© Ø§Ù„Ø®Ù„ÙÙŠØ©: Server.emit() got an unexpected keyword argument 'broadcast'
2025-06-22 23:58:51,417 - __main__ - ERROR - Ø®Ø·Ø£ ÙÙŠ Ø§Ù„Ù…Ø±Ø§Ù‚Ø¨Ø© Ø§Ù„Ø®Ù„ÙÙŠØ©: Server.emit() got an unexpected keyword argument 'broadcast'
2025-06-22 23:59:01,417 - __main__ - ERROR - Ø®Ø·Ø£ ÙÙŠ Ø§Ù„Ù…Ø±Ø§Ù‚Ø¨Ø© Ø§Ù„Ø®Ù„ÙÙŠØ©: Server.emit() got an unexpected keyword argument 'broadcast'
2025-06-22 23:59:11,418 - __main__ - ERROR - Ø®Ø·Ø£ ÙÙŠ Ø§Ù„Ù…Ø±Ø§Ù‚Ø¨Ø© Ø§Ù„Ø®Ù„ÙÙŠØ©: Server.emit() got an unexpected keyword argument 'broadcast'
2025-06-22 23:59:21,418 - __main__ - ERROR - Ø®Ø·Ø£ ÙÙŠ Ø§Ù„Ù…Ø±Ø§Ù‚Ø¨Ø© Ø§Ù„Ø®Ù„ÙÙŠØ©: Server.emit() got an unexpected keyword argument 'broadcast'
2025-06-22 23:59:31,419 - __main__ - ERROR - Ø®Ø·Ø£ ÙÙŠ Ø§Ù„Ù…Ø±Ø§Ù‚Ø¨Ø© Ø§Ù„Ø®Ù„ÙÙŠØ©: Server.emit() got an unexpected keyword argument 'broadcast'
2025-06-22 23:59:41,419 - __main__ - ERROR - Ø®Ø·Ø£ ÙÙŠ Ø§Ù„Ù…Ø±Ø§Ù‚Ø¨Ø© Ø§Ù„Ø®Ù„ÙÙŠØ©: Server.emit() got an unexpected keyword argument 'broadcast'
2025-06-22 23:59:51,420 - __main__ - ERROR - Ø®Ø·Ø£ ÙÙŠ Ø§Ù„Ù…Ø±Ø§Ù‚Ø¨Ø© Ø§Ù„Ø®Ù„ÙÙŠØ©: Server.emit() got an unexpected keyword argument 'broadcast'
2025-06-23 00:00:01,420 - __main__ - ERROR - Ø®Ø·Ø£ ÙÙŠ Ø§Ù„Ù…Ø±Ø§Ù‚Ø¨Ø© Ø§Ù„Ø®Ù„ÙÙŠØ©: Server.emit() got an unexpected keyword argument 'broadcast'
2025-06-23 00:00:11,421 - __main__ - ERROR - Ø®Ø·Ø£ ÙÙŠ Ø§Ù„Ù…Ø±Ø§Ù‚Ø¨Ø© Ø§Ù„Ø®Ù„ÙÙŠØ©: Server.emit() got an unexpected keyword argument 'broadcast'
2025-06-23 00:00:21,421 - __main__ - ERROR - Ø®Ø·Ø£ ÙÙŠ Ø§Ù„Ù…Ø±Ø§Ù‚Ø¨Ø© Ø§Ù„Ø®Ù„ÙÙŠØ©: Server.emit() got an unexpected keyword argument 'broadcast'
2025-06-23 00:00:31,421 - __main__ - ERROR - Ø®Ø·Ø£ ÙÙŠ Ø§Ù„Ù…Ø±Ø§Ù‚Ø¨Ø© Ø§Ù„Ø®Ù„ÙÙŠØ©: Server.emit() got an unexpected keyword argument 'broadcast'
2025-06-23 00:00:41,422 - __main__ - ERROR - Ø®Ø·Ø£ ÙÙŠ Ø§Ù„Ù…Ø±Ø§Ù‚Ø¨Ø© Ø§Ù„Ø®Ù„ÙÙŠØ©: Server.emit() got an unexpected keyword argument 'broadcast'
2025-06-23 00:00:51,422 - __main__ - ERROR - Ø®Ø·Ø£ ÙÙŠ Ø§Ù„Ù…Ø±Ø§Ù‚Ø¨Ø© Ø§Ù„Ø®Ù„ÙÙŠØ©: Server.emit() got an unexpected keyword argument 'broadcast'
2025-06-23 00:01:01,423 - __main__ - ERROR - Ø®Ø·Ø£ ÙÙŠ Ø§Ù„Ù…Ø±Ø§Ù‚Ø¨Ø© Ø§Ù„Ø®Ù„ÙÙŠØ©: Server.emit() got an unexpected keyword argument 'broadcast'
2025-06-23 00:01:11,423 - __main__ - ERROR - Ø®Ø·Ø£ ÙÙŠ Ø§Ù„Ù…Ø±Ø§Ù‚Ø¨Ø© Ø§Ù„Ø®Ù„ÙÙŠØ©: Server.emit() got an unexpected keyword argument 'broadcast'
2025-06-23 00:01:21,424 - __main__ - ERROR - Ø®Ø·Ø£ ÙÙŠ Ø§Ù„Ù…Ø±Ø§Ù‚Ø¨Ø© Ø§Ù„Ø®Ù„ÙÙŠØ©: Server.emit() got an unexpected keyword argument 'broadcast'
2025-06-23 00:01:31,424 - __main__ - ERROR - Ø®Ø·Ø£ ÙÙŠ Ø§Ù„Ù…Ø±Ø§Ù‚Ø¨Ø© Ø§Ù„Ø®Ù„ÙÙŠØ©: Server.emit() got an unexpected keyword argument 'broadcast'
2025-06-23 00:01:41,425 - __main__ - ERROR - Ø®Ø·Ø£ ÙÙŠ Ø§Ù„Ù…Ø±Ø§Ù‚Ø¨Ø© Ø§Ù„Ø®Ù„ÙÙŠØ©: Server.emit() got an unexpected keyword argument 'broadcast'
2025-06-23 00:01:51,425 - __main__ - ERROR - Ø®Ø·Ø£ ÙÙŠ Ø§Ù„Ù…Ø±Ø§Ù‚Ø¨Ø© Ø§Ù„Ø®Ù„ÙÙŠØ©: Server.emit() got an unexpected keyword argument 'broadcast'
2025-06-23 00:02:01,426 - __main__ - ERROR - Ø®Ø·Ø£ ÙÙŠ Ø§Ù„Ù…Ø±Ø§Ù‚Ø¨Ø© Ø§Ù„Ø®Ù„ÙÙŠØ©: Server.emit() got an unexpected keyword argument 'broadcast'
2025-06-23 00:02:11,427 - __main__ - ERROR - Ø®Ø·Ø£ ÙÙŠ Ø§Ù„Ù…Ø±Ø§Ù‚Ø¨Ø© Ø§Ù„Ø®Ù„ÙÙŠØ©: Server.emit() got an unexpected keyword argument 'broadcast'
2025-06-23 00:02:21,427 - __main__ - ERROR - Ø®Ø·Ø£ ÙÙŠ Ø§Ù„Ù…Ø±Ø§Ù‚Ø¨Ø© Ø§Ù„Ø®Ù„ÙÙŠØ©: Server.emit() got an unexpected keyword argument 'broadcast'
2025-06-23 00:02:31,428 - __main__ - ERROR - Ø®Ø·Ø£ ÙÙŠ Ø§Ù„Ù…Ø±Ø§Ù‚Ø¨Ø© Ø§Ù„Ø®Ù„ÙÙŠØ©: Server.emit() got an unexpected keyword argument 'broadcast'
2025-06-23 00:02:41,428 - __main__ - ERROR - Ø®Ø·Ø£ ÙÙŠ Ø§Ù„Ù…Ø±Ø§Ù‚Ø¨Ø© Ø§Ù„Ø®Ù„ÙÙŠØ©: Server.emit() got an unexpected keyword argument 'broadcast'
2025-06-23 00:02:51,429 - __main__ - ERROR - Ø®Ø·Ø£ ÙÙŠ Ø§Ù„Ù…Ø±Ø§Ù‚Ø¨Ø© Ø§Ù„Ø®Ù„ÙÙŠØ©: Server.emit() got an unexpected keyword argument 'broadcast'
2025-06-23 00:03:01,429 - __main__ - ERROR - Ø®Ø·Ø£ ÙÙŠ Ø§Ù„Ù…Ø±Ø§Ù‚Ø¨Ø© Ø§Ù„Ø®Ù„ÙÙŠØ©: Server.emit() got an unexpected keyword argument 'broadcast'
2025-06-23 00:03:11,430 - __main__ - ERROR - Ø®Ø·Ø£ ÙÙŠ Ø§Ù„Ù…Ø±Ø§Ù‚Ø¨Ø© Ø§Ù„Ø®Ù„ÙÙŠØ©: Server.emit() got an unexpected keyword argument 'broadcast'
2025-06-23 00:03:21,430 - __main__ - ERROR - Ø®Ø·Ø£ ÙÙŠ Ø§Ù„Ù…Ø±Ø§Ù‚Ø¨Ø© Ø§Ù„Ø®Ù„ÙÙŠØ©: Server.emit() got an unexpected keyword argument 'broadcast'
2025-06-23 00:03:31,431 - __main__ - ERROR - Ø®Ø·Ø£ ÙÙŠ Ø§Ù„Ù…Ø±Ø§Ù‚Ø¨Ø© Ø§Ù„Ø®Ù„ÙÙŠØ©: Server.emit() got an unexpected keyword argument 'broadcast'
2025-06-23 00:03:41,435 - __main__ - ERROR - Ø®Ø·Ø£ ÙÙŠ Ø§Ù„Ù…Ø±Ø§Ù‚Ø¨Ø© Ø§Ù„Ø®Ù„ÙÙŠØ©: Server.emit() got an unexpected keyword argument 'broadcast'
2025-06-23 00:03:51,435 - __main__ - ERROR - Ø®Ø·Ø£ ÙÙŠ Ø§Ù„Ù…Ø±Ø§Ù‚Ø¨Ø© Ø§Ù„Ø®Ù„ÙÙŠØ©: Server.emit() got an unexpected keyword argument 'broadcast'
2025-06-23 00:04:01,436 - __main__ - ERROR - Ø®Ø·Ø£ ÙÙŠ Ø§Ù„Ù…Ø±Ø§Ù‚Ø¨Ø© Ø§Ù„Ø®Ù„ÙÙŠØ©: Server.emit() got an unexpected keyword argument 'broadcast'
2025-06-23 00:04:11,436 - __main__ - ERROR - Ø®Ø·Ø£ ÙÙŠ Ø§Ù„Ù…Ø±Ø§Ù‚Ø¨Ø© Ø§Ù„Ø®Ù„ÙÙŠØ©: Server.emit() got an unexpected keyword argument 'broadcast'
2025-06-23 00:04:21,437 - __main__ - ERROR - Ø®Ø·Ø£ ÙÙŠ Ø§Ù„Ù…Ø±Ø§Ù‚Ø¨Ø© Ø§Ù„Ø®Ù„ÙÙŠØ©: Server.emit() got an unexpected keyword argument 'broadcast'
2025-06-23 00:04:31,437 - __main__ - ERROR - Ø®Ø·Ø£ ÙÙŠ Ø§Ù„Ù…Ø±Ø§Ù‚Ø¨Ø© Ø§Ù„Ø®Ù„ÙÙŠØ©: Server.emit() got an unexpected keyword argument 'broadcast'
2025-06-23 00:04:41,438 - __main__ - ERROR - Ø®Ø·Ø£ ÙÙŠ Ø§Ù„Ù…Ø±Ø§Ù‚Ø¨Ø© Ø§Ù„Ø®Ù„ÙÙŠØ©: Server.emit() got an unexpected keyword argument 'broadcast'
2025-06-23 00:04:51,438 - __main__ - ERROR - Ø®Ø·Ø£ ÙÙŠ Ø§Ù„Ù…Ø±Ø§Ù‚Ø¨Ø© Ø§Ù„Ø®Ù„ÙÙŠØ©: Server.emit() got an unexpected keyword argument 'broadcast'
2025-06-23 00:05:01,439 - __main__ - ERROR - Ø®Ø·Ø£ ÙÙŠ Ø§Ù„Ù…Ø±Ø§Ù‚Ø¨Ø© Ø§Ù„Ø®Ù„ÙÙŠØ©: Server.emit() got an unexpected keyword argument 'broadcast'
2025-06-23 00:05:11,439 - __main__ - ERROR - Ø®Ø·Ø£ ÙÙŠ Ø§Ù„Ù…Ø±Ø§Ù‚Ø¨Ø© Ø§Ù„Ø®Ù„ÙÙŠØ©: Server.emit() got an unexpected keyword argument 'broadcast'
2025-06-23 00:05:21,440 - __main__ - ERROR - Ø®Ø·Ø£ ÙÙŠ Ø§Ù„Ù…Ø±Ø§Ù‚Ø¨Ø© Ø§Ù„Ø®Ù„ÙÙŠØ©: Server.emit() got an unexpected keyword argument 'broadcast'
2025-06-23 00:05:31,440 - __main__ - ERROR - Ø®Ø·Ø£ ÙÙŠ Ø§Ù„Ù…Ø±Ø§Ù‚Ø¨Ø© Ø§Ù„Ø®Ù„ÙÙŠØ©: Server.emit() got an unexpected keyword argument 'broadcast'
2025-06-23 00:05:41,441 - __main__ - ERROR - Ø®Ø·Ø£ ÙÙŠ Ø§Ù„Ù…Ø±Ø§Ù‚Ø¨Ø© Ø§Ù„Ø®Ù„ÙÙŠØ©: Server.emit() got an unexpected keyword argument 'broadcast'
2025-06-23 00:05:51,441 - __main__ - ERROR - Ø®Ø·Ø£ ÙÙŠ Ø§Ù„Ù…Ø±Ø§Ù‚Ø¨Ø© Ø§Ù„Ø®Ù„ÙÙŠØ©: Server.emit() got an unexpected keyword argument 'broadcast'
2025-06-23 00:06:01,442 - __main__ - ERROR - Ø®Ø·Ø£ ÙÙŠ Ø§Ù„Ù…Ø±Ø§Ù‚Ø¨Ø© Ø§Ù„Ø®Ù„ÙÙŠØ©: Server.emit() got an unexpected keyword argument 'broadcast'
2025-06-23 00:06:11,442 - __main__ - ERROR - Ø®Ø·Ø£ ÙÙŠ Ø§Ù„Ù…Ø±Ø§Ù‚Ø¨Ø© Ø§Ù„Ø®Ù„ÙÙŠØ©: Server.emit() got an unexpected keyword argument 'broadcast'
2025-06-23 00:06:21,443 - __main__ - ERROR - Ø®Ø·Ø£ ÙÙŠ Ø§Ù„Ù…Ø±Ø§Ù‚Ø¨Ø© Ø§Ù„Ø®Ù„ÙÙŠØ©: Server.emit() got an unexpected keyword argument 'broadcast'
2025-06-23 00:06:31,443 - __main__ - ERROR - Ø®Ø·Ø£ ÙÙŠ Ø§Ù„Ù…Ø±Ø§Ù‚Ø¨Ø© Ø§Ù„Ø®Ù„ÙÙŠØ©: Server.emit() got an unexpected keyword argument 'broadcast'
2025-06-23 00:06:41,444 - __main__ - ERROR - Ø®Ø·Ø£ ÙÙŠ Ø§Ù„Ù…Ø±Ø§Ù‚Ø¨Ø© Ø§Ù„Ø®Ù„ÙÙŠØ©: Server.emit() got an unexpected keyword argument 'broadcast'
2025-06-23 00:06:51,444 - __main__ - ERROR - Ø®Ø·Ø£ ÙÙŠ Ø§Ù„Ù…Ø±Ø§Ù‚Ø¨Ø© Ø§Ù„Ø®Ù„ÙÙŠØ©: Server.emit() got an unexpected keyword argument 'broadcast'
2025-06-23 00:07:01,445 - __main__ - ERROR - Ø®Ø·Ø£ ÙÙŠ Ø§Ù„Ù…Ø±Ø§Ù‚Ø¨Ø© Ø§Ù„Ø®Ù„ÙÙŠØ©: Server.emit() got an unexpected keyword argument 'broadcast'
2025-06-23 00:07:11,446 - __main__ - ERROR - Ø®Ø·Ø£ ÙÙŠ Ø§Ù„Ù…Ø±Ø§Ù‚Ø¨Ø© Ø§Ù„Ø®Ù„ÙÙŠØ©: Server.emit() got an unexpected keyword argument 'broadcast'
2025-06-23 00:07:21,446 - __main__ - ERROR - Ø®Ø·Ø£ ÙÙŠ Ø§Ù„Ù…Ø±Ø§Ù‚Ø¨Ø© Ø§Ù„Ø®Ù„ÙÙŠØ©: Server.emit() got an unexpected keyword argument 'broadcast'
2025-06-23 00:07:31,446 - __main__ - ERROR - Ø®Ø·Ø£ ÙÙŠ Ø§Ù„Ù…Ø±Ø§Ù‚Ø¨Ø© Ø§Ù„Ø®Ù„ÙÙŠØ©: Server.emit() got an unexpected keyword argument 'broadcast'
2025-06-23 00:07:41,447 - __main__ - ERROR - Ø®Ø·Ø£ ÙÙŠ Ø§Ù„Ù…Ø±Ø§Ù‚Ø¨Ø© Ø§Ù„Ø®Ù„ÙÙŠØ©: Server.emit() got an unexpected keyword argument 'broadcast'
2025-06-23 00:07:51,447 - __main__ - ERROR - Ø®Ø·Ø£ ÙÙŠ Ø§Ù„Ù…Ø±Ø§Ù‚Ø¨Ø© Ø§Ù„Ø®Ù„ÙÙŠØ©: Server.emit() got an unexpected keyword argument 'broadcast'
2025-06-23 00:08:01,448 - __main__ - ERROR - Ø®Ø·Ø£ ÙÙŠ Ø§Ù„Ù…Ø±Ø§Ù‚Ø¨Ø© Ø§Ù„Ø®Ù„ÙÙŠØ©: Server.emit() got an unexpected keyword argument 'broadcast'
2025-06-23 00:08:11,449 - __main__ - ERROR - Ø®Ø·Ø£ ÙÙŠ Ø§Ù„Ù…Ø±Ø§Ù‚Ø¨Ø© Ø§Ù„Ø®Ù„ÙÙŠØ©: Server.emit() got an unexpected keyword argument 'broadcast'
2025-06-23 00:08:21,449 - __main__ - ERROR - Ø®Ø·Ø£ ÙÙŠ Ø§Ù„Ù…Ø±Ø§Ù‚Ø¨Ø© Ø§Ù„Ø®Ù„ÙÙŠØ©: Server.emit() got an unexpected keyword argument 'broadcast'
2025-06-23 00:08:31,450 - __main__ - ERROR - Ø®Ø·Ø£ ÙÙŠ Ø§Ù„Ù…Ø±Ø§Ù‚Ø¨Ø© Ø§Ù„Ø®Ù„ÙÙŠØ©: Server.emit() got an unexpected keyword argument 'broadcast'
2025-06-23 00:08:41,450 - __main__ - ERROR - Ø®Ø·Ø£ ÙÙŠ Ø§Ù„Ù…Ø±Ø§Ù‚Ø¨Ø© Ø§Ù„Ø®Ù„ÙÙŠØ©: Server.emit() got an unexpected keyword argument 'broadcast'
2025-06-23 00:08:51,451 - __main__ - ERROR - Ø®Ø·Ø£ ÙÙŠ Ø§Ù„Ù…Ø±Ø§Ù‚Ø¨Ø© Ø§Ù„Ø®Ù„ÙÙŠØ©: Server.emit() got an unexpected keyword argument 'broadcast'
2025-06-23 00:09:01,451 - __main__ - ERROR - Ø®Ø·Ø£ ÙÙŠ Ø§Ù„Ù…Ø±Ø§Ù‚Ø¨Ø© Ø§Ù„Ø®Ù„ÙÙŠØ©: Server.emit() got an unexpected keyword argument 'broadcast'
2025-06-23 00:09:11,452 - __main__ - ERROR - Ø®Ø·Ø£ ÙÙŠ Ø§Ù„Ù…Ø±Ø§Ù‚Ø¨Ø© Ø§Ù„Ø®Ù„ÙÙŠØ©: Server.emit() got an unexpected keyword argument 'broadcast'
2025-06-23 00:09:21,452 - __main__ - ERROR - Ø®Ø·Ø£ ÙÙŠ Ø§Ù„Ù…Ø±Ø§Ù‚Ø¨Ø© Ø§Ù„Ø®Ù„ÙÙŠØ©: Server.emit() got an unexpected keyword argument 'broadcast'
2025-06-23 00:09:31,453 - __main__ - ERROR - Ø®Ø·Ø£ ÙÙŠ Ø§Ù„Ù…Ø±Ø§Ù‚Ø¨Ø© Ø§Ù„Ø®Ù„ÙÙŠØ©: Server.emit() got an unexpected keyword argument 'broadcast'
2025-06-23 00:09:41,453 - __main__ - ERROR - Ø®Ø·Ø£ ÙÙŠ Ø§Ù„Ù…Ø±Ø§Ù‚Ø¨Ø© Ø§Ù„Ø®Ù„ÙÙŠØ©: Server.emit() got an unexpected keyword argument 'broadcast'
2025-06-23 00:09:51,454 - __main__ - ERROR - Ø®Ø·Ø£ ÙÙŠ Ø§Ù„Ù…Ø±Ø§Ù‚Ø¨Ø© Ø§Ù„Ø®Ù„ÙÙŠØ©: Server.emit() got an unexpected keyword argument 'broadcast'
2025-06-23 00:10:01,454 - __main__ - ERROR - Ø®Ø·Ø£ ÙÙŠ Ø§Ù„Ù…Ø±Ø§Ù‚Ø¨Ø© Ø§Ù„Ø®Ù„ÙÙŠØ©: Server.emit() got an unexpected keyword argument 'broadcast'
2025-06-23 00:10:11,455 - __main__ - ERROR - Ø®Ø·Ø£ ÙÙŠ Ø§Ù„Ù…Ø±Ø§Ù‚Ø¨Ø© Ø§Ù„Ø®Ù„ÙÙŠØ©: Server.emit() got an unexpected keyword argument 'broadcast'
2025-06-23 00:10:21,455 - __main__ - ERROR - Ø®Ø·Ø£ ÙÙŠ Ø§Ù„Ù…Ø±Ø§Ù‚Ø¨Ø© Ø§Ù„Ø®Ù„ÙÙŠØ©: Server.emit() got an unexpected keyword argument 'broadcast'
2025-06-23 00:10:31,456 - __main__ - ERROR - Ø®Ø·Ø£ ÙÙŠ Ø§Ù„Ù…Ø±Ø§Ù‚Ø¨Ø© Ø§Ù„Ø®Ù„ÙÙŠØ©: Server.emit() got an unexpected keyword argument 'broadcast'
2025-06-23 00:10:41,456 - __main__ - ERROR - Ø®Ø·Ø£ ÙÙŠ Ø§Ù„Ù…Ø±Ø§Ù‚Ø¨Ø© Ø§Ù„Ø®Ù„ÙÙŠØ©: Server.emit() got an unexpected keyword argument 'broadcast'
2025-06-23 00:10:51,457 - __main__ - ERROR - Ø®Ø·Ø£ ÙÙŠ Ø§Ù„Ù…Ø±Ø§Ù‚Ø¨Ø© Ø§Ù„Ø®Ù„ÙÙŠØ©: Server.emit() got an unexpected keyword argument 'broadcast'
2025-06-23 00:11:01,457 - __main__ - ERROR - Ø®Ø·Ø£ ÙÙŠ Ø§Ù„Ù…Ø±Ø§Ù‚Ø¨Ø© Ø§Ù„Ø®Ù„ÙÙŠØ©: Server.emit() got an unexpected keyword argument 'broadcast'
2025-06-23 00:11:11,458 - __main__ - ERROR - Ø®Ø·Ø£ ÙÙŠ Ø§Ù„Ù…Ø±Ø§Ù‚Ø¨Ø© Ø§Ù„Ø®Ù„ÙÙŠØ©: Server.emit() got an unexpected keyword argument 'broadcast'
2025-06-23 00:11:21,458 - __main__ - ERROR - Ø®Ø·Ø£ ÙÙŠ Ø§Ù„Ù…Ø±Ø§Ù‚Ø¨Ø© Ø§Ù„Ø®Ù„ÙÙŠØ©: Server.emit() got an unexpected keyword argument 'broadcast'
2025-06-23 00:11:31,459 - __main__ - ERROR - Ø®Ø·Ø£ ÙÙŠ Ø§Ù„Ù…Ø±Ø§Ù‚Ø¨Ø© Ø§Ù„Ø®Ù„ÙÙŠØ©: Server.emit() got an unexpected keyword argument 'broadcast'
2025-06-23 00:11:41,459 - __main__ - ERROR - Ø®Ø·Ø£ ÙÙŠ Ø§Ù„Ù…Ø±Ø§Ù‚Ø¨Ø© Ø§Ù„Ø®Ù„ÙÙŠØ©: Server.emit() got an unexpected keyword argument 'broadcast'
2025-06-23 00:11:51,460 - __main__ - ERROR - Ø®Ø·Ø£ ÙÙŠ Ø§Ù„Ù…Ø±Ø§Ù‚Ø¨Ø© Ø§Ù„Ø®Ù„ÙÙŠØ©: Server.emit() got an unexpected keyword argument 'broadcast'
2025-06-23 00:12:01,461 - __main__ - ERROR - Ø®Ø·Ø£ ÙÙŠ Ø§Ù„Ù…Ø±Ø§Ù‚Ø¨Ø© Ø§Ù„Ø®Ù„ÙÙŠØ©: Server.emit() got an unexpected keyword argument 'broadcast'
2025-06-23 00:12:11,461 - __main__ - ERROR - Ø®Ø·Ø£ ÙÙŠ Ø§Ù„Ù…Ø±Ø§Ù‚Ø¨Ø© Ø§Ù„Ø®Ù„ÙÙŠØ©: Server.emit() got an unexpected keyword argument 'broadcast'
2025-06-23 00:12:21,462 - __main__ - ERROR - Ø®Ø·Ø£ ÙÙŠ Ø§Ù„Ù…Ø±Ø§Ù‚Ø¨Ø© Ø§Ù„Ø®Ù„ÙÙŠØ©: Server.emit() got an unexpected keyword argument 'broadcast'
2025-06-23 00:12:31,462 - __main__ - ERROR - Ø®Ø·Ø£ ÙÙŠ Ø§Ù„Ù…Ø±Ø§Ù‚Ø¨Ø© Ø§Ù„Ø®Ù„ÙÙŠØ©: Server.emit() got an unexpected keyword argument 'broadcast'
2025-06-23 00:12:41,463 - __main__ - ERROR - Ø®Ø·Ø£ ÙÙŠ Ø§Ù„Ù…Ø±Ø§Ù‚Ø¨Ø© Ø§Ù„Ø®Ù„ÙÙŠØ©: Server.emit() got an unexpected keyword argument 'broadcast'
2025-06-23 00:12:51,463 - __main__ - ERROR - Ø®Ø·Ø£ ÙÙŠ Ø§Ù„Ù…Ø±Ø§Ù‚Ø¨Ø© Ø§Ù„Ø®Ù„ÙÙŠØ©: Server.emit() got an unexpected keyword argument 'broadcast'
2025-06-23 00:13:01,464 - __main__ - ERROR - Ø®Ø·Ø£ ÙÙŠ Ø§Ù„Ù…Ø±Ø§Ù‚Ø¨Ø© Ø§Ù„Ø®Ù„ÙÙŠØ©: Server.emit() got an unexpected keyword argument 'broadcast'
2025-06-23 00:13:11,464 - __main__ - ERROR - Ø®Ø·Ø£ ÙÙŠ Ø§Ù„Ù…Ø±Ø§Ù‚Ø¨Ø© Ø§Ù„Ø®Ù„ÙÙŠØ©: Server.emit() got an unexpected keyword argument 'broadcast'
2025-06-23 00:13:21,465 - __main__ - ERROR - Ø®Ø·Ø£ ÙÙŠ Ø§Ù„Ù…Ø±Ø§Ù‚Ø¨Ø© Ø§Ù„Ø®Ù„ÙÙŠØ©: Server.emit() got an unexpected keyword argument 'broadcast'
2025-06-23 00:13:31,465 - __main__ - ERROR - Ø®Ø·Ø£ ÙÙŠ Ø§Ù„Ù…Ø±Ø§Ù‚Ø¨Ø© Ø§Ù„Ø®Ù„ÙÙŠØ©: Server.emit() got an unexpected keyword argument 'broadcast'
2025-06-23 00:13:41,466 - __main__ - ERROR - Ø®Ø·Ø£ ÙÙŠ Ø§Ù„Ù…Ø±Ø§Ù‚Ø¨Ø© Ø§Ù„Ø®Ù„ÙÙŠØ©: Server.emit() got an unexpected keyword argument 'broadcast'
2025-06-23 00:13:51,466 - __main__ - ERROR - Ø®Ø·Ø£ ÙÙŠ Ø§Ù„Ù…Ø±Ø§Ù‚Ø¨Ø© Ø§Ù„Ø®Ù„ÙÙŠØ©: Server.emit() got an unexpected keyword argument 'broadcast'
2025-06-23 00:14:01,467 - __main__ - ERROR - Ø®Ø·Ø£ ÙÙŠ Ø§Ù„Ù…Ø±Ø§Ù‚Ø¨Ø© Ø§Ù„Ø®Ù„ÙÙŠØ©: Server.emit() got an unexpected keyword argument 'broadcast'
2025-06-23 00:14:11,467 - __main__ - ERROR - Ø®Ø·Ø£ ÙÙŠ Ø§Ù„Ù…Ø±Ø§Ù‚Ø¨Ø© Ø§Ù„Ø®Ù„ÙÙŠØ©: Server.emit() got an unexpected keyword argument 'broadcast'
2025-06-23 00:14:21,468 - __main__ - ERROR - Ø®Ø·Ø£ ÙÙŠ Ø§Ù„Ù…Ø±Ø§Ù‚Ø¨Ø© Ø§Ù„Ø®Ù„ÙÙŠØ©: Server.emit() got an unexpected keyword argument 'broadcast'
2025-06-23 00:14:31,468 - __main__ - ERROR - Ø®Ø·Ø£ ÙÙŠ Ø§Ù„Ù…Ø±Ø§Ù‚Ø¨Ø© Ø§Ù„Ø®Ù„ÙÙŠØ©: Server.emit() got an unexpected keyword argument 'broadcast'
2025-06-23 00:14:41,469 - __main__ - ERROR - Ø®Ø·Ø£ ÙÙŠ Ø§Ù„Ù…Ø±Ø§Ù‚Ø¨Ø© Ø§Ù„Ø®Ù„ÙÙŠØ©: Server.emit() got an unexpected keyword argument 'broadcast'
2025-06-23 00:14:51,469 - __main__ - ERROR - Ø®Ø·Ø£ ÙÙŠ Ø§Ù„Ù…Ø±Ø§Ù‚Ø¨Ø© Ø§Ù„Ø®Ù„ÙÙŠØ©: Server.emit() got an unexpected keyword argument 'broadcast'
2025-06-23 00:15:01,470 - __main__ - ERROR - Ø®Ø·Ø£ ÙÙŠ Ø§Ù„Ù…Ø±Ø§Ù‚Ø¨Ø© Ø§Ù„Ø®Ù„ÙÙŠØ©: Server.emit() got an unexpected keyword argument 'broadcast'
2025-06-23 00:15:11,470 - __main__ - ERROR - Ø®Ø·Ø£ ÙÙŠ Ø§Ù„Ù…Ø±Ø§Ù‚Ø¨Ø© Ø§Ù„Ø®Ù„ÙÙŠØ©: Server.emit() got an unexpected keyword argument 'broadcast'
2025-06-23 00:15:21,471 - __main__ - ERROR - Ø®Ø·Ø£ ÙÙŠ Ø§Ù„Ù…Ø±Ø§Ù‚Ø¨Ø© Ø§Ù„Ø®Ù„ÙÙŠØ©: Server.emit() got an unexpected keyword argument 'broadcast'
2025-06-23 00:15:31,471 - __main__ - ERROR - Ø®Ø·Ø£ ÙÙŠ Ø§Ù„Ù…Ø±Ø§Ù‚Ø¨Ø© Ø§Ù„Ø®Ù„ÙÙŠØ©: Server.emit() got an unexpected keyword argument 'broadcast'
2025-06-23 00:15:41,472 - __main__ - ERROR - Ø®Ø·Ø£ ÙÙŠ Ø§Ù„Ù…Ø±Ø§Ù‚Ø¨Ø© Ø§Ù„Ø®Ù„ÙÙŠØ©: Server.emit() got an unexpected keyword argument 'broadcast'
2025-06-23 00:15:51,472 - __main__ - ERROR - Ø®Ø·Ø£ ÙÙŠ Ø§Ù„Ù…Ø±Ø§Ù‚Ø¨Ø© Ø§Ù„Ø®Ù„ÙÙŠØ©: Server.emit() got an unexpected keyword argument 'broadcast'
2025-06-23 00:16:01,473 - __main__ - ERROR - Ø®Ø·Ø£ ÙÙŠ Ø§Ù„Ù…Ø±Ø§Ù‚Ø¨Ø© Ø§Ù„Ø®Ù„ÙÙŠØ©: Server.emit() got an unexpected keyword argument 'broadcast'
2025-06-23 00:16:11,473 - __main__ - ERROR - Ø®Ø·Ø£ ÙÙŠ Ø§Ù„Ù…Ø±Ø§Ù‚Ø¨Ø© Ø§Ù„Ø®Ù„ÙÙŠØ©: Server.emit() got an unexpected keyword argument 'broadcast'
2025-06-23 00:16:21,474 - __main__ - ERROR - Ø®Ø·Ø£ ÙÙŠ Ø§Ù„Ù…Ø±Ø§Ù‚Ø¨Ø© Ø§Ù„Ø®Ù„ÙÙŠØ©: Server.emit() got an unexpected keyword argument 'broadcast'
2025-06-23 13:13:33,209 - __main__ - ERROR - Ø®Ø·Ø£ ÙÙŠ Ø§Ù„Ù…Ø±Ø§Ù‚Ø¨Ø© Ø§Ù„Ø®Ù„ÙÙŠØ©: Server.emit() got an unexpected keyword argument 'broadcast'
2025-06-23 13:13:33,720 - __main__ - INFO - ØªÙ… Ù‚Ø·Ø¹ Ø§ØªØµØ§Ù„ Ø§Ù„Ù…Ø³ØªØ®Ø¯Ù…: Ø³Ù†Ø¯ Ø§Ù„Ø´Ø§Ø±Ù Ø³ÙˆÙ Ù…Ø±ÙŠØ¹ÙŠ
2025-06-23 13:13:33,731 - werkzeug - INFO - 127.0.0.1 - - [23/Jun/2025 13:13:33] "[35m[1mGET /socket.io/?EIO=4&transport=websocket HTTP/1.1[0m" 500 -
2025-06-23 13:13:33,732 - werkzeug - ERROR - Error on request:
Traceback (most recent call last):
  File "/usr/local/lib/python3.11/dist-packages/werkzeug/serving.py", line 370, in run_wsgi
    execute(self.server.app)
  File "/usr/local/lib/python3.11/dist-packages/werkzeug/serving.py", line 336, in execute
    write(b"")
  File "/usr/local/lib/python3.11/dist-packages/werkzeug/serving.py", line 261, in write
    assert status_set is not None, "write() before start_response"
AssertionError: write() before start_response
2025-06-23 13:13:34,790 - __main__ - INFO - Ù…Ø³ØªØ®Ø¯Ù… Ø¬Ø¯ÙŠØ¯ Ù…ØªØµÙ„: 88747a_SHu1c90KrAAAD
2025-06-23 13:13:43,193 - __main__ - ERROR - Ø®Ø·Ø£ ÙÙŠ Ø§Ù„Ù…Ø±Ø§Ù‚Ø¨Ø© Ø§Ù„Ø®Ù„ÙÙŠØ©: Server.emit() got an unexpected keyword argument 'broadcast'
2025-06-23 13:13:53,194 - __main__ - ERROR - Ø®Ø·Ø£ ÙÙŠ Ø§Ù„Ù…Ø±Ø§Ù‚Ø¨Ø© Ø§Ù„Ø®Ù„ÙÙŠØ©: Server.emit() got an unexpected keyword argument 'broadcast'
2025-06-23 13:14:03,194 - __main__ - ERROR - Ø®Ø·Ø£ ÙÙŠ Ø§Ù„Ù…Ø±Ø§Ù‚Ø¨Ø© Ø§Ù„Ø®Ù„ÙÙŠØ©: Server.emit() got an unexpected keyword argument 'broadcast'
